<!DOCTYPE suite SYSTEM "https://testng.org/testng-1.0.dtd" >
<suite name="regression" parallel="tests" thread-count="3" >
    <test name="regression" >
        <classes>
            <class name="com.cucumber.runner.TestNGRunnerTest" />
        </classes>
    </test>
</suite>